2024-12-11 01:19:59,064 - INFO - Запуск функции your_function()
2024-12-11 01:20:03,414 - INFO - Критическая ошибка List argument must consist only of tuples or dictionaries
2024-12-11 01:20:03,414 - INFO - Завершение работы скрипта
2024-12-11 01:20:54,222 - INFO - Запуск функции your_function()
2024-12-11 01:20:58,161 - INFO - Завершение работы скрипта
2024-12-11 01:53:09,807 - INFO - Запуск функции your_function()
2024-12-11 01:53:10,772 - INFO - Завершение работы скрипта
2024-12-11 01:53:27,048 - INFO - Запуск функции your_function()
2024-12-11 01:53:31,167 - INFO - Считали данные с сайта
2024-12-11 01:53:31,591 - INFO - Подключились к БД и считали данные из таблицы
2024-12-11 01:53:31,635 - INFO - Завершение работы скрипта
2024-12-11 01:54:14,401 - INFO - Запуск функции your_function()
2024-12-11 01:54:18,288 - INFO - Считали данные с сайта
2024-12-11 01:54:18,946 - INFO - Подключились к БД и считали данные из таблицы
2024-12-11 01:54:18,982 - INFO - Завершение работы скрипта
2024-12-11 01:54:18,982 - INFO - --------------------------------
2024-12-11 01:54:36,119 - INFO - Запуск функции your_function()
2024-12-11 01:54:40,171 - INFO - Считали данные с сайта
2024-12-11 01:54:40,386 - INFO - Подключились к БД и считали данные из таблицы
2024-12-11 01:54:40,410 - INFO - Для парка Железноводский протокол от 2024-12-07 00:00:00 записан в 2024-12-11 01:54:40.171168
2024-12-11 01:54:40,431 - INFO - Завершение работы скрипта
2024-12-11 01:54:40,431 - INFO - --------------------------------
